Fix size testing.
training chunk_sizes: [12, 2, 2]
The output will be saved to  /ssdata/user/zxy/code/lore/LORE-TSR/src/lib/../../exp/ctdet/train_wireless
heads {'hm': 2, 'st': 8, 'wh': 8, 'ax': 256, 'cr': 256, 'reg': 2}
****identify network
****load backbone
loaded /ssdata/user/zxy/code/lore/LORE-TSR/exp_3/ctdet/train_wireless/model_last.pth, epoch 47
loaded /ssdata/user/zxy/code/lore/LORE-TSR/exp_3/ctdet/train_wireless/processor_last.pth, epoch 47
/ssdata/user/zxy/code/lore/LORE-TSR/src/lib/../../data/PTN
/hddata/user/zxy/table_data/davar/lore/WTW/json/test.json
==> initializing table val data.
loading annotations into memory...
Done (t=1.28s)
creating index...
index created!
Loaded val 1505 samples
/ssdata/user/zxy/code/lore/LORE-TSR/src/lib/../../data/PTN
/hddata/user/zxy/table_data/davar/lore/WTW/json/train.json
==> initializing table train data.
loading annotations into memory...
Done (t=6.15s)
creating index...
index created!
Loaded train 7527 samples
Starting training...
/ssdata/user/zxy/code/lore/LORE-TSR/src/lib/models/utils.py:70: UserWarning: __floordiv__ is deprecated, and its behavior will change in a future version of pytorch. It currently rounds toward 0 (like the 'trunc' function NOT 'floor'). This results in incorrect rounding for negative values. To keep the current behavior, use torch.div(a, b, rounding_mode='trunc'), or for actual floor division, use torch.div(a, b, rounding_mode='floor').
  ys = (ind // width).unsqueeze(2).int().float()
/ssdata/miniconda3/envs/torch110-cu113/lib/python3.7/site-packages/torch/nn/_reduction.py:42: UserWarning: size_average and reduce args will be deprecated, please use reduction='sum' instead.
  warnings.warn(warning.format(ret))
scripts/train/train_wireless.sh: 行 22:  9624 已杀死               python main.py ctdet --dataset table --exp_id train_wireless --dataset_name PTN --image_dir /hddata/user/zxy/table_data/davar/lore/WTW/images --wiz_2dpe --wiz_stacking --tsfm_layers 3 --stacking_layers 3 --batch_size 16 --master_batch 12 --arch dla_34 --lr 1e-4 --K 3000 --MK 5000 --num_epochs 800 --lr_step '100, 160' --gpus 0,1,2 --num_workers 16 --val_intervals 10 --load_model /ssdata/user/zxy/code/lore/LORE-TSR/exp_3/ctdet/train_wireless/model_last.pth --load_processor /ssdata/user/zxy/code/lore/LORE-TSR/exp_3/ctdet/train_wireless/processor_last.pth
